[main 93a6c8f] Auto-commit results [2026-04-07 23:42:43 UTC]
 Committer: Hang Yang <hangyang_umass_edu@login1.unity.rc.umass.edu>
Your name and email address were configured automatically based
on your username and hostname. Please check that they are accurate.
You can suppress this message by setting them explicitly. Run the
following command and follow the instructions in your editor to edit
your configuration file:

    git config --global --edit

After doing this, you may fix the identity used for this commit with:

    git commit --amend --reset-author

 11 files changed, 84 insertions(+), 128 deletions(-)
 create mode 100644 auto_update.log
 delete mode 100644 cron_hook.log
To https://github.com/yanghangAI/autosapiens.git
   587286f..2a3cfa5  HEAD -> gh-pages
=== update-all 2026-04-07 19:42:40 EDT ===
Running summarize_results...
Successfully summarized 17 results into /work/pi_nwycoff_umass_edu/hang/auto/results.csv
Sync complete.
Website generated successfully in '/work/pi_nwycoff_umass_edu/hang/auto/website/index.html'!
Dashboard deployed to gh-pages.
