/bin/sh: 1: ./scripts/run_summarize.sh: not found
/bin/sh: 1: ./scripts/run_summarize.sh: not found
Running summarize_results...
Successfully summarized 15 results into /work/pi_nwycoff_umass_edu/hang/auto/results.csv
Updated idea idea005 to 'Designed'.
Updated idea idea005 to 'Designed'.
Updated idea idea005 to 'Designed'.
Sync complete.
Website generated successfully in '/work/pi_nwycoff_umass_edu/hang/auto/website/index.html'!
Refusing to deploy with a dirty git tree. Commit or stash changes first, or rerun with --allow-dirty.
/bin/sh: 1: ./scripts/run_summarize.sh: not found
/bin/sh: 1: ./scripts/run_summarize.sh: not found
Running summarize_results...
Successfully summarized 17 results into /work/pi_nwycoff_umass_edu/hang/auto/results.csv
Updated idea idea005 to 'Implemented'.
Updated design design002 in idea005 to 'Training'.
Updated idea idea005 to 'Implemented'.
Updated design design003 in idea005 to 'Training'.
Updated idea idea005 to 'Training'.
Sync complete.
Website generated successfully in '/work/pi_nwycoff_umass_edu/hang/auto/website/index.html'!
Refusing to deploy with a dirty git tree. Commit or stash changes first, or rerun with --allow-dirty.
/bin/sh: 1: ./scripts/run_summarize.sh: not found
[main 3fbf144] Auto-commit results [2026-04-07 22:00:08 UTC]
 Committer: Hang Yang <hangyang_umass_edu@login1.unity.rc.umass.edu>
Your name and email address were configured automatically based
on your username and hostname. Please check that they are accurate.
You can suppress this message by setting them explicitly. Run the
following command and follow the instructions in your editor to edit
your configuration file:

    git config --global --edit

After doing this, you may fix the identity used for this commit with:

    git commit --amend --reset-author

 10 files changed, 4432 insertions(+), 11 deletions(-)
Running summarize_results...
Successfully summarized 17 results into /work/pi_nwycoff_umass_edu/hang/auto/results.csv
Sync complete.
Website generated successfully in '/work/pi_nwycoff_umass_edu/hang/auto/website/index.html'!
Traceback (most recent call last):
  File "/work/pi_nwycoff_umass_edu/hang/auto/scripts/cli.py", line 106, in <module>
    raise SystemExit(main())
                     ^^^^^^
  File "/work/pi_nwycoff_umass_edu/hang/auto/scripts/cli.py", line 101, in main
    deploy.deploy_dashboard(root=args.root, allow_dirty=True, push=not args.no_push)
  File "/work/pi_nwycoff_umass_edu/hang/auto/scripts/lib/deploy.py", line 78, in deploy_dashboard
    git(worktree_path, "push", "origin", "HEAD:gh-pages")
  File "/work/pi_nwycoff_umass_edu/hang/auto/scripts/lib/deploy.py", line 17, in git
    return subprocess.run(
           ^^^^^^^^^^^^^^^
  File "/usr/lib/python3.12/subprocess.py", line 571, in run
    raise CalledProcessError(retcode, process.args,
subprocess.CalledProcessError: Command '['git', 'push', 'origin', 'HEAD:gh-pages']' returned non-zero exit status 128.
